Analysis & Synthesis report for AlarmWatch
Tue Apr 05 09:16:47 2011
Quartus II Version 9.1 Build 222 10/21/2009 SJ Full Version


---------------------
; Table of Contents ;
---------------------
  1. Legal Notice
  2. Analysis & Synthesis Summary
  3. Analysis & Synthesis Settings
  4. Parallel Compilation
  5. Analysis & Synthesis Source Files Read
  6. Analysis & Synthesis Resource Usage Summary
  7. Analysis & Synthesis Resource Utilization by Entity
  8. Registers Removed During Synthesis
  9. General Register Statistics
 10. Multiplexer Restructuring Statistics (Restructuring Performed)
 11. Port Connectivity Checks: "watch:w|multiCounter:counterH10"
 12. Port Connectivity Checks: "watch:w|multiCounter:counterH1"
 13. Port Connectivity Checks: "watch:w|multiCounter:counterM10"
 14. Port Connectivity Checks: "watch:w|multiCounter:counterM1"
 15. Port Connectivity Checks: "watch:w|multiCounter:counterS10"
 16. Port Connectivity Checks: "watch:w|multiCounter:counterS1"
 17. Port Connectivity Checks: "watch:w"
 18. Port Connectivity Checks: "BinaryDecoder:a0"
 19. Analysis & Synthesis Messages



----------------
; Legal Notice ;
----------------
Copyright (C) 1991-2009 Altera Corporation
Your use of Altera Corporation's design tools, logic functions 
and other software and tools, and its AMPP partner logic 
functions, and any output files from any of the foregoing 
(including device programming or simulation files), and any 
associated documentation or information are expressly subject 
to the terms and conditions of the Altera Program License 
Subscription Agreement, Altera MegaCore Function License 
Agreement, or other applicable license agreement, including, 
without limitation, that your use is for the sole purpose of 
programming logic devices manufactured by Altera and sold by 
Altera or its authorized distributors.  Please refer to the 
applicable agreement for further details.



+-------------------------------------------------------------------------------+
; Analysis & Synthesis Summary                                                  ;
+------------------------------------+------------------------------------------+
; Analysis & Synthesis Status        ; Successful - Tue Apr 05 09:16:47 2011    ;
; Quartus II Version                 ; 9.1 Build 222 10/21/2009 SJ Full Version ;
; Revision Name                      ; AlarmWatch                               ;
; Top-level Entity Name              ; AlarmWatch                               ;
; Family                             ; Cyclone II                               ;
; Total logic elements               ; 215                                      ;
;     Total combinational functions  ; 215                                      ;
;     Dedicated logic registers      ; 58                                       ;
; Total registers                    ; 58                                       ;
; Total pins                         ; 63                                       ;
; Total virtual pins                 ; 0                                        ;
; Total memory bits                  ; 0                                        ;
; Embedded Multiplier 9-bit elements ; 0                                        ;
; Total PLLs                         ; 0                                        ;
+------------------------------------+------------------------------------------+


+----------------------------------------------------------------------------------------------------------------------+
; Analysis & Synthesis Settings                                                                                        ;
+----------------------------------------------------------------------------+--------------------+--------------------+
; Option                                                                     ; Setting            ; Default Value      ;
+----------------------------------------------------------------------------+--------------------+--------------------+
; Device                                                                     ; EP2C35F672C6       ;                    ;
; Top-level entity name                                                      ; AlarmWatch         ; AlarmWatch         ;
; Family name                                                                ; Cyclone II         ; Stratix II         ;
; Use Generated Physical Constraints File                                    ; Off                ;                    ;
; Use smart compilation                                                      ; Off                ; Off                ;
; Enable parallel Assembler and TimeQuest Timing Analyzer during compilation ; On                 ; On                 ;
; Enable compact report table                                                ; Off                ; Off                ;
; Restructure Multiplexers                                                   ; Auto               ; Auto               ;
; Create Debugging Nodes for IP Cores                                        ; Off                ; Off                ;
; Preserve fewer node names                                                  ; On                 ; On                 ;
; Disable OpenCore Plus hardware evaluation                                  ; Off                ; Off                ;
; Verilog Version                                                            ; Verilog_2001       ; Verilog_2001       ;
; VHDL Version                                                               ; VHDL_1993          ; VHDL_1993          ;
; State Machine Processing                                                   ; Auto               ; Auto               ;
; Safe State Machine                                                         ; Off                ; Off                ;
; Extract Verilog State Machines                                             ; On                 ; On                 ;
; Extract VHDL State Machines                                                ; On                 ; On                 ;
; Ignore Verilog initial constructs                                          ; Off                ; Off                ;
; Iteration limit for constant Verilog loops                                 ; 5000               ; 5000               ;
; Iteration limit for non-constant Verilog loops                             ; 250                ; 250                ;
; Add Pass-Through Logic to Inferred RAMs                                    ; On                 ; On                 ;
; Parallel Synthesis                                                         ; On                 ; On                 ;
; DSP Block Balancing                                                        ; Auto               ; Auto               ;
; NOT Gate Push-Back                                                         ; On                 ; On                 ;
; Power-Up Don't Care                                                        ; On                 ; On                 ;
; Remove Redundant Logic Cells                                               ; Off                ; Off                ;
; Remove Duplicate Registers                                                 ; On                 ; On                 ;
; Ignore CARRY Buffers                                                       ; Off                ; Off                ;
; Ignore CASCADE Buffers                                                     ; Off                ; Off                ;
; Ignore GLOBAL Buffers                                                      ; Off                ; Off                ;
; Ignore ROW GLOBAL Buffers                                                  ; Off                ; Off                ;
; Ignore LCELL Buffers                                                       ; Off                ; Off                ;
; Ignore SOFT Buffers                                                        ; On                 ; On                 ;
; Limit AHDL Integers to 32 Bits                                             ; Off                ; Off                ;
; Optimization Technique                                                     ; Balanced           ; Balanced           ;
; Carry Chain Length                                                         ; 70                 ; 70                 ;
; Auto Carry Chains                                                          ; On                 ; On                 ;
; Auto Open-Drain Pins                                                       ; On                 ; On                 ;
; Perform WYSIWYG Primitive Resynthesis                                      ; Off                ; Off                ;
; Auto ROM Replacement                                                       ; On                 ; On                 ;
; Auto RAM Replacement                                                       ; On                 ; On                 ;
; Auto Shift Register Replacement                                            ; Auto               ; Auto               ;
; Auto Clock Enable Replacement                                              ; On                 ; On                 ;
; Strict RAM Replacement                                                     ; Off                ; Off                ;
; Allow Synchronous Control Signals                                          ; On                 ; On                 ;
; Force Use of Synchronous Clear Signals                                     ; Off                ; Off                ;
; Auto RAM to Logic Cell Conversion                                          ; Off                ; Off                ;
; Auto Resource Sharing                                                      ; Off                ; Off                ;
; Allow Any RAM Size For Recognition                                         ; Off                ; Off                ;
; Allow Any ROM Size For Recognition                                         ; Off                ; Off                ;
; Allow Any Shift Register Size For Recognition                              ; Off                ; Off                ;
; Use LogicLock Constraints during Resource Balancing                        ; On                 ; On                 ;
; Ignore translate_off and synthesis_off directives                          ; Off                ; Off                ;
; Timing-Driven Synthesis                                                    ; Off                ; Off                ;
; Show Parameter Settings Tables in Synthesis Report                         ; On                 ; On                 ;
; Ignore Maximum Fan-Out Assignments                                         ; Off                ; Off                ;
; Synchronization Register Chain Length                                      ; 2                  ; 2                  ;
; PowerPlay Power Optimization                                               ; Normal compilation ; Normal compilation ;
; HDL message level                                                          ; Level2             ; Level2             ;
; Suppress Register Optimization Related Messages                            ; Off                ; Off                ;
; Number of Removed Registers Reported in Synthesis Report                   ; 100                ; 100                ;
; Number of Inverted Registers Reported in Synthesis Report                  ; 100                ; 100                ;
; Clock MUX Protection                                                       ; On                 ; On                 ;
; Auto Gated Clock Conversion                                                ; Off                ; Off                ;
; Block Design Naming                                                        ; Auto               ; Auto               ;
; SDC constraint protection                                                  ; Off                ; Off                ;
; Synthesis Effort                                                           ; Auto               ; Auto               ;
; Shift Register Replacement - Allow Asynchronous Clear Signal               ; On                 ; On                 ;
; Analysis & Synthesis Message Level                                         ; Medium             ; Medium             ;
; Disable Register Merging Across Hierarchies                                ; Auto               ; Auto               ;
; Resource Aware Inference For Block RAM                                     ; On                 ; On                 ;
+----------------------------------------------------------------------------+--------------------+--------------------+


+------------------------------------------+
; Parallel Compilation                     ;
+----------------------------+-------------+
; Processors                 ; Number      ;
+----------------------------+-------------+
; Number detected on machine ; 2           ;
; Maximum allowed            ; 2           ;
;                            ;             ;
; Average used               ; 1.00        ;
; Maximum used               ; 1           ;
;                            ;             ;
; Usage by Processor         ; % Time Used ;
;     1 processor            ; 100.0%      ;
;     2 processors           ;   0.0%      ;
+----------------------------+-------------+


+------------------------------------------------------------------------------------------------------------------------------------------------------------------------+
; Analysis & Synthesis Source Files Read                                                                                                                                 ;
+--------------------------------------+-----------------+-----------------+---------------------------------------------------------------------------------------------+
; File Name with User-Entered Path     ; Used in Netlist ; File Type       ; File Name with Absolute Path                                                                ;
+--------------------------------------+-----------------+-----------------+---------------------------------------------------------------------------------------------+
; watch.vhd                            ; yes             ; User VHDL File  ; C:/Users/Salizer/Documents/IHA/2 Semester/E2VDLA/Projects/AlarmWatch/watch.vhd              ;
; ../Exercise 6 - 1/multiCounter.vhd   ; yes             ; User VHDL File  ; C:/Users/Salizer/Documents/IHA/2 Semester/E2VDLA/Projects/Exercise 6 - 1/multiCounter.vhd   ;
; ../Exercise 6 - 2/clockGen.vhd       ; yes             ; User VHDL File  ; C:/Users/Salizer/Documents/IHA/2 Semester/E2VDLA/Projects/Exercise 6 - 2/clockGen.vhd       ;
; AlarmWatch.vhd                       ; yes             ; User VHDL File  ; C:/Users/Salizer/Documents/IHA/2 Semester/E2VDLA/Projects/AlarmWatch/AlarmWatch.vhd         ;
; ../UsefullEntities/BinaryDecoder.vhd ; yes             ; User VHDL File  ; C:/Users/Salizer/Documents/IHA/2 Semester/E2VDLA/Projects/UsefullEntities/BinaryDecoder.vhd ;
+--------------------------------------+-----------------+-----------------+---------------------------------------------------------------------------------------------+


+-----------------------------------------------------+
; Analysis & Synthesis Resource Usage Summary         ;
+---------------------------------------------+-------+
; Resource                                    ; Usage ;
+---------------------------------------------+-------+
; Estimated Total logic elements              ; 215   ;
;                                             ;       ;
; Total combinational functions               ; 215   ;
; Logic element usage by number of LUT inputs ;       ;
;     -- 4 input functions                    ; 135   ;
;     -- 3 input functions                    ; 34    ;
;     -- <=2 input functions                  ; 46    ;
;                                             ;       ;
; Logic elements by mode                      ;       ;
;     -- normal mode                          ; 184   ;
;     -- arithmetic mode                      ; 31    ;
;                                             ;       ;
; Total registers                             ; 58    ;
;     -- Dedicated logic registers            ; 58    ;
;     -- I/O registers                        ; 0     ;
;                                             ;       ;
; I/O pins                                    ; 63    ;
; Maximum fan-out node                        ; VIEW  ;
; Maximum fan-out                             ; 53    ;
; Total fan-out                               ; 949   ;
; Average fan-out                             ; 2.82  ;
+---------------------------------------------+-------+


+-----------------------------------------------------------------------------------------------------------------------------------------------------------------------------------------------------------------------------------+
; Analysis & Synthesis Resource Utilization by Entity                                                                                                                                                                               ;
+-----------------------------------+-------------------+--------------+-------------+--------------+---------+-----------+------+--------------+--------------------------------------------------------------------+--------------+
; Compilation Hierarchy Node        ; LC Combinationals ; LC Registers ; Memory Bits ; DSP Elements ; DSP 9x9 ; DSP 18x18 ; Pins ; Virtual Pins ; Full Hierarchy Name                                                ; Library Name ;
+-----------------------------------+-------------------+--------------+-------------+--------------+---------+-----------+------+--------------+--------------------------------------------------------------------+--------------+
; |AlarmWatch                       ; 215 (74)          ; 58 (0)       ; 0           ; 0            ; 0       ; 0         ; 63   ; 0            ; |AlarmWatch                                                        ; work         ;
;    |BinaryDecoder:a100|           ; 4 (4)             ; 0 (0)        ; 0           ; 0            ; 0       ; 0         ; 0    ; 0            ; |AlarmWatch|BinaryDecoder:a100                                     ;              ;
;    |BinaryDecoder:a1|             ; 4 (4)             ; 0 (0)        ; 0           ; 0            ; 0       ; 0         ; 0    ; 0            ; |AlarmWatch|BinaryDecoder:a1                                       ;              ;
;    |watch:w|                      ; 133 (2)           ; 58 (0)       ; 0           ; 0            ; 0       ; 0         ; 0    ; 0            ; |AlarmWatch|watch:w                                                ;              ;
;       |clockGen:clocker|          ; 82 (82)           ; 33 (33)      ; 0           ; 0            ; 0       ; 0         ; 0    ; 0            ; |AlarmWatch|watch:w|clockGen:clocker                               ;              ;
;       |multiCounter:counterH10|   ; 2 (2)             ; 2 (2)        ; 0           ; 0            ; 0       ; 0         ; 0    ; 0            ; |AlarmWatch|watch:w|multiCounter:counterH10                        ;              ;
;       |multiCounter:counterH1|    ; 9 (5)             ; 5 (5)        ; 0           ; 0            ; 0       ; 0         ; 0    ; 0            ; |AlarmWatch|watch:w|multiCounter:counterH1                         ;              ;
;          |BinaryDecoder:binToSeg| ; 4 (4)             ; 0 (0)        ; 0           ; 0            ; 0       ; 0         ; 0    ; 0            ; |AlarmWatch|watch:w|multiCounter:counterH1|BinaryDecoder:binToSeg  ;              ;
;       |multiCounter:counterM10|   ; 4 (4)             ; 4 (4)        ; 0           ; 0            ; 0       ; 0         ; 0    ; 0            ; |AlarmWatch|watch:w|multiCounter:counterM10                        ;              ;
;       |multiCounter:counterM1|    ; 9 (5)             ; 5 (5)        ; 0           ; 0            ; 0       ; 0         ; 0    ; 0            ; |AlarmWatch|watch:w|multiCounter:counterM1                         ;              ;
;          |BinaryDecoder:binToSeg| ; 4 (4)             ; 0 (0)        ; 0           ; 0            ; 0       ; 0         ; 0    ; 0            ; |AlarmWatch|watch:w|multiCounter:counterM1|BinaryDecoder:binToSeg  ;              ;
;       |multiCounter:counterS10|   ; 10 (4)            ; 4 (4)        ; 0           ; 0            ; 0       ; 0         ; 0    ; 0            ; |AlarmWatch|watch:w|multiCounter:counterS10                        ;              ;
;          |BinaryDecoder:binToSeg| ; 6 (6)             ; 0 (0)        ; 0           ; 0            ; 0       ; 0         ; 0    ; 0            ; |AlarmWatch|watch:w|multiCounter:counterS10|BinaryDecoder:binToSeg ;              ;
;       |multiCounter:counterS1|    ; 15 (5)            ; 5 (5)        ; 0           ; 0            ; 0       ; 0         ; 0    ; 0            ; |AlarmWatch|watch:w|multiCounter:counterS1                         ;              ;
;          |BinaryDecoder:binToSeg| ; 10 (10)           ; 0 (0)        ; 0           ; 0            ; 0       ; 0         ; 0    ; 0            ; |AlarmWatch|watch:w|multiCounter:counterS1|BinaryDecoder:binToSeg  ;              ;
+-----------------------------------+-------------------+--------------+-------------+--------------+---------+-----------+------+--------------+--------------------------------------------------------------------+--------------+
Note: For table entries with two numbers listed, the numbers in parentheses indicate the number of resources of the given type used by the specific entity alone. The numbers listed outside of parentheses indicate the total resources of the given type used by the specific entity and all of its sub-entities in the hierarchy.


+---------------------------------------------------------------------------------------------+
; Registers Removed During Synthesis                                                          ;
+----------------------------------------------------+----------------------------------------+
; Register name                                      ; Reason for Removal                     ;
+----------------------------------------------------+----------------------------------------+
; watch:w|multiCounter:counterH10|currentValue[2..3] ; Stuck at GND due to stuck port data_in ;
; watch:w|multiCounter:counterS10|currentValue[3]    ; Stuck at GND due to stuck port data_in ;
; watch:w|multiCounter:counterM10|currentValue[3]    ; Stuck at GND due to stuck port data_in ;
; Total Number of Removed Registers = 4              ;                                        ;
+----------------------------------------------------+----------------------------------------+


+------------------------------------------------------+
; General Register Statistics                          ;
+----------------------------------------------+-------+
; Statistic                                    ; Value ;
+----------------------------------------------+-------+
; Total registers                              ; 58    ;
; Number of registers using Synchronous Clear  ; 0     ;
; Number of registers using Synchronous Load   ; 0     ;
; Number of registers using Asynchronous Clear ; 52    ;
; Number of registers using Asynchronous Load  ; 0     ;
; Number of registers using Clock Enable       ; 6     ;
; Number of registers using Preset             ; 0     ;
+----------------------------------------------+-------+


+---------------------------------------------------------------------------------------------------------------------------------------------------------------+
; Multiplexer Restructuring Statistics (Restructuring Performed)                                                                                                ;
+--------------------+-----------+---------------+----------------------+------------------------+------------+-------------------------------------------------+
; Multiplexer Inputs ; Bus Width ; Baseline Area ; Area if Restructured ; Saving if Restructured ; Registered ; Example Multiplexer Output                      ;
+--------------------+-----------+---------------+----------------------+------------------------+------------+-------------------------------------------------+
; 4:1                ; 30 bits   ; 60 LEs        ; 30 LEs               ; 30 LEs                 ; Yes        ; |AlarmWatch|watch:w|clockGen:clocker|cycles[22] ;
; 4:1                ; 2 bits    ; 4 LEs         ; 2 LEs                ; 2 LEs                  ; Yes        ; |AlarmWatch|watch:w|clockGen:clocker|cycles[31] ;
; 3:1                ; 4 bits    ; 8 LEs         ; 4 LEs                ; 4 LEs                  ; No         ; |AlarmWatch|lim_al_hour_1[1]                    ;
+--------------------+-----------+---------------+----------------------+------------------------+------------+-------------------------------------------------+


+----------------------------------------------------------------------------------------------------------------+
; Port Connectivity Checks: "watch:w|multiCounter:counterH10"                                                    ;
+------+--------+----------+-------------------------------------------------------------------------------------+
; Port ; Type   ; Severity ; Details                                                                             ;
+------+--------+----------+-------------------------------------------------------------------------------------+
; mode ; Input  ; Info     ; Stuck at VCC                                                                        ;
; cout ; Output ; Info     ; Connected to dangling logic. Logic that only feeds a dangling port will be removed. ;
+------+--------+----------+-------------------------------------------------------------------------------------+


+------------------------------------------------------------+
; Port Connectivity Checks: "watch:w|multiCounter:counterH1" ;
+------+-------+----------+----------------------------------+
; Port ; Type  ; Severity ; Details                          ;
+------+-------+----------+----------------------------------+
; mode ; Input ; Info     ; Stuck at GND                     ;
+------+-------+----------+----------------------------------+


+-------------------------------------------------------------+
; Port Connectivity Checks: "watch:w|multiCounter:counterM10" ;
+---------+-------+----------+--------------------------------+
; Port    ; Type  ; Severity ; Details                        ;
+---------+-------+----------+--------------------------------+
; mode[1] ; Input ; Info     ; Stuck at GND                   ;
; mode[0] ; Input ; Info     ; Stuck at VCC                   ;
+---------+-------+----------+--------------------------------+


+------------------------------------------------------------+
; Port Connectivity Checks: "watch:w|multiCounter:counterM1" ;
+------+-------+----------+----------------------------------+
; Port ; Type  ; Severity ; Details                          ;
+------+-------+----------+----------------------------------+
; mode ; Input ; Info     ; Stuck at GND                     ;
+------+-------+----------+----------------------------------+


+-------------------------------------------------------------------------------------------------------------------+
; Port Connectivity Checks: "watch:w|multiCounter:counterS10"                                                       ;
+---------+--------+----------+-------------------------------------------------------------------------------------+
; Port    ; Type   ; Severity ; Details                                                                             ;
+---------+--------+----------+-------------------------------------------------------------------------------------+
; mode[1] ; Input  ; Info     ; Stuck at GND                                                                        ;
; mode[0] ; Input  ; Info     ; Stuck at VCC                                                                        ;
; bin_val ; Output ; Info     ; Connected to dangling logic. Logic that only feeds a dangling port will be removed. ;
+---------+--------+----------+-------------------------------------------------------------------------------------+


+-------------------------------------------------------------------------------------------------------------------+
; Port Connectivity Checks: "watch:w|multiCounter:counterS1"                                                        ;
+---------+--------+----------+-------------------------------------------------------------------------------------+
; Port    ; Type   ; Severity ; Details                                                                             ;
+---------+--------+----------+-------------------------------------------------------------------------------------+
; mode    ; Input  ; Info     ; Stuck at GND                                                                        ;
; bin_val ; Output ; Info     ; Connected to dangling logic. Logic that only feeds a dangling port will be removed. ;
+---------+--------+----------+-------------------------------------------------------------------------------------+


+----------------------------------------------------------------------------------------------------------------+
; Port Connectivity Checks: "watch:w"                                                                            ;
+------+--------+----------+-------------------------------------------------------------------------------------+
; Port ; Type   ; Severity ; Details                                                                             ;
+------+--------+----------+-------------------------------------------------------------------------------------+
; cout ; Output ; Info     ; Connected to dangling logic. Logic that only feeds a dangling port will be removed. ;
+------+--------+----------+-------------------------------------------------------------------------------------+


+----------------------------------------------+
; Port Connectivity Checks: "BinaryDecoder:a0" ;
+------+-------+----------+--------------------+
; Port ; Type  ; Severity ; Details            ;
+------+-------+----------+--------------------+
; v    ; Input ; Info     ; Stuck at GND       ;
+------+-------+----------+--------------------+


+-------------------------------+
; Analysis & Synthesis Messages ;
+-------------------------------+
Info: *******************************************************************
Info: Running Quartus II Analysis & Synthesis
    Info: Version 9.1 Build 222 10/21/2009 SJ Full Version
    Info: Processing started: Tue Apr 05 09:16:45 2011
Info: Command: quartus_map --read_settings_files=on --write_settings_files=off AlarmWatch -c AlarmWatch
Info: Parallel compilation is enabled and will use 2 of the 2 processors detected
Info: Found 2 design units, including 1 entities, in source file watch.vhd
    Info: Found design unit 1: watch-watching
    Info: Found entity 1: watch
Info: Found 2 design units, including 1 entities, in source file /users/salizer/documents/iha/2 semester/e2vdla/projects/exercise 6 - 1/multicounter.vhd
    Info: Found design unit 1: multiCounter-counting
    Info: Found entity 1: multiCounter
Info: Found 2 design units, including 1 entities, in source file /users/salizer/documents/iha/2 semester/e2vdla/projects/exercise 6 - 2/clockgen.vhd
    Info: Found design unit 1: clockGen-clocking
    Info: Found entity 1: clockGen
Info: Found 2 design units, including 1 entities, in source file alarmwatch.vhd
    Info: Found design unit 1: AlarmWatch-Alarmering
    Info: Found entity 1: AlarmWatch
Info: Found 2 design units, including 1 entities, in source file /users/salizer/documents/iha/2 semester/e2vdla/projects/usefullentities/binarydecoder.vhd
    Info: Found design unit 1: BinaryDecoder-selection
    Info: Found entity 1: BinaryDecoder
Info: Elaborating entity "AlarmWatch" for the top level hierarchy
Warning (10492): VHDL Process Statement warning at AlarmWatch.vhd(47): signal "s0a" is read inside the Process Statement but isn't in the Process Statement's sensitivity list
Warning (10492): VHDL Process Statement warning at AlarmWatch.vhd(48): signal "s0a" is read inside the Process Statement but isn't in the Process Statement's sensitivity list
Warning (10492): VHDL Process Statement warning at AlarmWatch.vhd(49): signal "m1a" is read inside the Process Statement but isn't in the Process Statement's sensitivity list
Warning (10492): VHDL Process Statement warning at AlarmWatch.vhd(50): signal "m10a" is read inside the Process Statement but isn't in the Process Statement's sensitivity list
Warning (10492): VHDL Process Statement warning at AlarmWatch.vhd(51): signal "h1a" is read inside the Process Statement but isn't in the Process Statement's sensitivity list
Warning (10492): VHDL Process Statement warning at AlarmWatch.vhd(52): signal "h10a" is read inside the Process Statement but isn't in the Process Statement's sensitivity list
Warning (10492): VHDL Process Statement warning at AlarmWatch.vhd(54): signal "s1" is read inside the Process Statement but isn't in the Process Statement's sensitivity list
Warning (10492): VHDL Process Statement warning at AlarmWatch.vhd(55): signal "s10" is read inside the Process Statement but isn't in the Process Statement's sensitivity list
Warning (10492): VHDL Process Statement warning at AlarmWatch.vhd(56): signal "m1" is read inside the Process Statement but isn't in the Process Statement's sensitivity list
Warning (10492): VHDL Process Statement warning at AlarmWatch.vhd(57): signal "m10" is read inside the Process Statement but isn't in the Process Statement's sensitivity list
Warning (10492): VHDL Process Statement warning at AlarmWatch.vhd(58): signal "h1" is read inside the Process Statement but isn't in the Process Statement's sensitivity list
Warning (10492): VHDL Process Statement warning at AlarmWatch.vhd(59): signal "h10" is read inside the Process Statement but isn't in the Process Statement's sensitivity list
Info: Elaborating entity "BinaryDecoder" for hierarchy "BinaryDecoder:a0"
Info: Elaborating entity "watch" for hierarchy "watch:w"
Warning (10541): VHDL Signal Declaration warning at watch.vhd(8): used implicit default value for signal "COUT" because signal was never assigned a value or an explicit default value. Use of implicit default value may introduce unintended design optimizations.
Warning (10492): VHDL Process Statement warning at watch.vhd(26): signal "RESET" is read inside the Process Statement but isn't in the Process Statement's sensitivity list
Warning (10492): VHDL Process Statement warning at watch.vhd(28): signal "logicBinVal1" is read inside the Process Statement but isn't in the Process Statement's sensitivity list
Warning (10492): VHDL Process Statement warning at watch.vhd(28): signal "logicBinVal2" is read inside the Process Statement but isn't in the Process Statement's sensitivity list
Info: Elaborating entity "clockGen" for hierarchy "watch:w|clockGen:clocker"
Warning (10492): VHDL Process Statement warning at clockGen.vhd(16): signal "RESET" is read inside the Process Statement but isn't in the Process Statement's sensitivity list
Info: Elaborating entity "multiCounter" for hierarchy "watch:w|multiCounter:counterS1"
Warning (10492): VHDL Process Statement warning at multiCounter.vhd(25): signal "MODE" is read inside the Process Statement but isn't in the Process Statement's sensitivity list
Warning (10492): VHDL Process Statement warning at multiCounter.vhd(31): signal "RESET" is read inside the Process Statement but isn't in the Process Statement's sensitivity list
Warning: Output pins are stuck at VCC or GND
    Warning (13410): Pin "SEG100000[1]" is stuck at GND
Critical Warning: Ignored Power-Up Level option on the following registers
    Critical Warning (18010): Register watch:w|clockGen:clocker|cycles[31] will power up to Low
    Critical Warning (18010): Register watch:w|clockGen:clocker|cycles[0] will power up to Low
Info: Implemented 279 device resources after synthesis - the final resource count might be different
    Info: Implemented 20 input pins
    Info: Implemented 43 output pins
    Info: Implemented 216 logic cells
Info: Quartus II Analysis & Synthesis was successful. 0 errors, 24 warnings
    Info: Peak virtual memory: 236 megabytes
    Info: Processing ended: Tue Apr 05 09:16:47 2011
    Info: Elapsed time: 00:00:02
    Info: Total CPU time (on all processors): 00:00:03


