Flow report for AlarmWatch
Tue Apr 05 09:17:05 2011
Quartus II Version 9.1 Build 222 10/21/2009 SJ Full Version


---------------------
; Table of Contents ;
---------------------
  1. Legal Notice
  2. Flow Summary
  3. Flow Settings
  4. Flow Non-Default Global Settings
  5. Flow Elapsed Time
  6. Flow OS Summary
  7. Flow Log



----------------
; Legal Notice ;
----------------
Copyright (C) 1991-2009 Altera Corporation
Your use of Altera Corporation's design tools, logic functions 
and other software and tools, and its AMPP partner logic 
functions, and any output files from any of the foregoing 
(including device programming or simulation files), and any 
associated documentation or information are expressly subject 
to the terms and conditions of the Altera Program License 
Subscription Agreement, Altera MegaCore Function License 
Agreement, or other applicable license agreement, including, 
without limitation, that your use is for the sole purpose of 
programming logic devices manufactured by Altera and sold by 
Altera or its authorized distributors.  Please refer to the 
applicable agreement for further details.



+-------------------------------------------------------------------------------+
; Flow Summary                                                                  ;
+------------------------------------+------------------------------------------+
; Flow Status                        ; Successful - Tue Apr 05 09:17:05 2011    ;
; Quartus II Version                 ; 9.1 Build 222 10/21/2009 SJ Full Version ;
; Revision Name                      ; AlarmWatch                               ;
; Top-level Entity Name              ; AlarmWatch                               ;
; Family                             ; Cyclone II                               ;
; Device                             ; EP2C35F672C6                             ;
; Timing Models                      ; Final                                    ;
; Met timing requirements            ; Yes                                      ;
; Total logic elements               ; 215 / 33,216 ( < 1 % )                   ;
;     Total combinational functions  ; 215 / 33,216 ( < 1 % )                   ;
;     Dedicated logic registers      ; 58 / 33,216 ( < 1 % )                    ;
; Total registers                    ; 58                                       ;
; Total pins                         ; 63 / 475 ( 13 % )                        ;
; Total virtual pins                 ; 0                                        ;
; Total memory bits                  ; 0 / 483,840 ( 0 % )                      ;
; Embedded Multiplier 9-bit elements ; 0 / 70 ( 0 % )                           ;
; Total PLLs                         ; 0 / 4 ( 0 % )                            ;
+------------------------------------+------------------------------------------+


+-----------------------------------------+
; Flow Settings                           ;
+-------------------+---------------------+
; Option            ; Setting             ;
+-------------------+---------------------+
; Start date & time ; 04/05/2011 09:16:45 ;
; Main task         ; Compilation         ;
; Revision Name     ; AlarmWatch          ;
+-------------------+---------------------+


+-------------------------------------------------------------------------------------------------------------------------------------------------------------------------+
; Flow Non-Default Global Settings                                                                                                                                        ;
+------------------------------------+-------------------------------------------------------------------------------------+---------------+-------------+----------------+
; Assignment Name                    ; Value                                                                               ; Default Value ; Entity Name ; Section Id     ;
+------------------------------------+-------------------------------------------------------------------------------------+---------------+-------------+----------------+
; COMPILER_SIGNATURE_ID              ; 158330984845865.130198780502404                                                     ; --            ; --          ; --             ;
; MAX_CORE_JUNCTION_TEMP             ; 85                                                                                  ; --            ; --          ; --             ;
; MIN_CORE_JUNCTION_TEMP             ; 0                                                                                   ; --            ; --          ; --             ;
; MISC_FILE                          ; C:/Users/Salizer/Documents/IHA/2 Semester/E2VDLA/Projects/AlarmWatch/AlarmWatch.dpf ; --            ; --          ; --             ;
; PARTITION_COLOR                    ; 16764057                                                                            ; --            ; --          ; Top            ;
; PARTITION_NETLIST_TYPE             ; SOURCE                                                                              ; --            ; --          ; Top            ;
; USE_GENERATED_PHYSICAL_CONSTRAINTS ; Off                                                                                 ; --            ; --          ; eda_blast_fpga ;
+------------------------------------+-------------------------------------------------------------------------------------+---------------+-------------+----------------+


+-----------------------------------------------------------------------------------------------------------------------------+
; Flow Elapsed Time                                                                                                           ;
+-------------------------+--------------+-------------------------+---------------------+------------------------------------+
; Module Name             ; Elapsed Time ; Average Processors Used ; Peak Virtual Memory ; Total CPU Time (on all processors) ;
+-------------------------+--------------+-------------------------+---------------------+------------------------------------+
; Analysis & Synthesis    ; 00:00:03     ; 1.0                     ; 236 MB              ; 00:00:03                           ;
; Fitter                  ; 00:00:09     ; 1.4                     ; 289 MB              ; 00:00:10                           ;
; Assembler               ; 00:00:04     ; 1.0                     ; 259 MB              ; 00:00:03                           ;
; Classic Timing Analyzer ; 00:00:02     ; 1.0                     ; 164 MB              ; 00:00:00                           ;
; Total                   ; 00:00:18     ; --                      ; --                  ; 00:00:16                           ;
+-------------------------+--------------+-------------------------+---------------------+------------------------------------+


+------------------------------------------------------------------------------------------+
; Flow OS Summary                                                                          ;
+-------------------------+------------------+---------------+------------+----------------+
; Module Name             ; Machine Hostname ; OS Name       ; OS Version ; Processor type ;
+-------------------------+------------------+---------------+------------+----------------+
; Analysis & Synthesis    ; Salizer-PC       ; Windows Vista ; 6.1        ; x86_64         ;
; Fitter                  ; Salizer-PC       ; Windows Vista ; 6.1        ; x86_64         ;
; Assembler               ; Salizer-PC       ; Windows Vista ; 6.1        ; x86_64         ;
; Classic Timing Analyzer ; Salizer-PC       ; Windows Vista ; 6.1        ; x86_64         ;
+-------------------------+------------------+---------------+------------+----------------+


------------
; Flow Log ;
------------
quartus_map --read_settings_files=on --write_settings_files=off AlarmWatch -c AlarmWatch
quartus_fit --read_settings_files=off --write_settings_files=off AlarmWatch -c AlarmWatch
quartus_asm --read_settings_files=off --write_settings_files=off AlarmWatch -c AlarmWatch
quartus_tan --read_settings_files=off --write_settings_files=off AlarmWatch -c AlarmWatch --timing_analysis_only



